  QuadMesh.cpp
C:\Users\Kyle\Desktop\Coding Projects\Zeppelin\Zeppelin\QuadMesh.cpp(36,22): warning C4305: '=': truncation from 'double' to 'GLfloat'
C:\Users\Kyle\Desktop\Coding Projects\Zeppelin\Zeppelin\QuadMesh.cpp(58,21): warning C4244: '=': conversion from 'double' to 'GLfloat', possible loss of data
C:\Users\Kyle\Desktop\Coding Projects\Zeppelin\Zeppelin\QuadMesh.cpp(93,8): warning C4244: 'argument': conversion from 'double' to 'const float', possible loss of data
C:\Users\Kyle\Desktop\Coding Projects\Zeppelin\Zeppelin\QuadMesh.cpp(99,8): warning C4244: 'argument': conversion from 'double' to 'const float', possible loss of data
C:\Users\Kyle\Desktop\Coding Projects\Zeppelin\Zeppelin\QuadMesh.cpp(126,74): warning C4244: '=': conversion from 'double' to 'float', possible loss of data
C:\Users\Kyle\Desktop\Coding Projects\Zeppelin\Zeppelin\QuadMesh.cpp(127,74): warning C4244: '=': conversion from 'double' to 'float', possible loss of data
  Zeppelin_Kyle_Ortiz.cpp
C:\Users\Kyle\Desktop\Coding Projects\Zeppelin\Zeppelin\Zeppelin_Kyle_Ortiz.cpp(36,26): warning C4305: 'initializing': truncation from 'double' to 'float'
C:\Users\Kyle\Desktop\Coding Projects\Zeppelin\Zeppelin\Zeppelin_Kyle_Ortiz.cpp(64,24): warning C4305: 'initializing': truncation from 'double' to 'float'
C:\Users\Kyle\Desktop\Coding Projects\Zeppelin\Zeppelin\Zeppelin_Kyle_Ortiz.cpp(71,19): warning C4244: 'initializing': conversion from 'double' to 'int', possible loss of data
C:\Users\Kyle\Desktop\Coding Projects\Zeppelin\Zeppelin\Zeppelin_Kyle_Ortiz.cpp(72,18): warning C4244: 'initializing': conversion from 'double' to 'int', possible loss of data
C:\Users\Kyle\Desktop\Coding Projects\Zeppelin\Zeppelin\Zeppelin_Kyle_Ortiz.cpp(257,75): warning C4305: 'initializing': truncation from 'double' to 'GLfloat'
C:\Users\Kyle\Desktop\Coding Projects\Zeppelin\Zeppelin\Zeppelin_Kyle_Ortiz.cpp(258,75): warning C4305: 'initializing': truncation from 'double' to 'GLfloat'
C:\Users\Kyle\Desktop\Coding Projects\Zeppelin\Zeppelin\Zeppelin_Kyle_Ortiz.cpp(259,76): warning C4305: 'initializing': truncation from 'double' to 'GLfloat'
C:\Users\Kyle\Desktop\Coding Projects\Zeppelin\Zeppelin\Zeppelin_Kyle_Ortiz.cpp(479,24): warning C4305: 'initializing': truncation from 'double' to 'float'
C:\Users\Kyle\Desktop\Coding Projects\Zeppelin\Zeppelin\Zeppelin_Kyle_Ortiz.cpp(489,24): warning C4244: 'return': conversion from 'double' to 'float', possible loss of data
C:\Users\Kyle\Desktop\Coding Projects\Zeppelin\Zeppelin\Zeppelin_Kyle_Ortiz.cpp(649,12): warning C4244: 'argument': conversion from 'int' to 'GLfloat', possible loss of data
C:\Users\Kyle\Desktop\Coding Projects\Zeppelin\Zeppelin\Zeppelin_Kyle_Ortiz.cpp(650,58): warning C4244: 'argument': conversion from 'int' to 'GLfloat', possible loss of data
C:\Users\Kyle\Desktop\Coding Projects\Zeppelin\Zeppelin\Zeppelin_Kyle_Ortiz.cpp(650,41): warning C4244: 'argument': conversion from 'int' to 'GLfloat', possible loss of data
C:\Users\Kyle\Desktop\Coding Projects\Zeppelin\Zeppelin\Zeppelin_Kyle_Ortiz.cpp(650,24): warning C4244: 'argument': conversion from 'int' to 'GLfloat', possible loss of data
C:\Users\Kyle\Desktop\Coding Projects\Zeppelin\Zeppelin\Zeppelin_Kyle_Ortiz.cpp(654,65): warning C4244: 'argument': conversion from 'double' to 'GLfloat', possible loss of data
C:\Users\Kyle\Desktop\Coding Projects\Zeppelin\Zeppelin\Zeppelin_Kyle_Ortiz.cpp(654,45): warning C4244: 'argument': conversion from 'double' to 'GLfloat', possible loss of data
C:\Users\Kyle\Desktop\Coding Projects\Zeppelin\Zeppelin\Zeppelin_Kyle_Ortiz.cpp(654,25): warning C4244: 'argument': conversion from 'double' to 'GLfloat', possible loss of data
C:\Users\Kyle\Desktop\Coding Projects\Zeppelin\Zeppelin\Zeppelin_Kyle_Ortiz.cpp(673,64): warning C4244: 'argument': conversion from 'double' to 'GLfloat', possible loss of data
C:\Users\Kyle\Desktop\Coding Projects\Zeppelin\Zeppelin\Zeppelin_Kyle_Ortiz.cpp(673,44): warning C4244: 'argument': conversion from 'double' to 'GLfloat', possible loss of data
C:\Users\Kyle\Desktop\Coding Projects\Zeppelin\Zeppelin\Zeppelin_Kyle_Ortiz.cpp(673,24): warning C4244: 'argument': conversion from 'double' to 'GLfloat', possible loss of data
C:\Users\Kyle\Desktop\Coding Projects\Zeppelin\Zeppelin\Zeppelin_Kyle_Ortiz.cpp(713,24): warning C4305: 'argument': truncation from 'double' to 'GLfloat'
C:\Users\Kyle\Desktop\Coding Projects\Zeppelin\Zeppelin\Zeppelin_Kyle_Ortiz.cpp(719,24): warning C4305: 'argument': truncation from 'double' to 'GLfloat'
C:\Users\Kyle\Desktop\Coding Projects\Zeppelin\Zeppelin\Zeppelin_Kyle_Ortiz.cpp(740,35): warning C4244: 'argument': conversion from 'double' to 'GLfloat', possible loss of data
C:\Users\Kyle\Desktop\Coding Projects\Zeppelin\Zeppelin\Zeppelin_Kyle_Ortiz.cpp(747,35): warning C4244: 'argument': conversion from 'double' to 'GLfloat', possible loss of data
C:\Users\Kyle\Desktop\Coding Projects\Zeppelin\Zeppelin\Zeppelin_Kyle_Ortiz.cpp(788,39): warning C4244: 'argument': conversion from 'double' to 'GLfloat', possible loss of data
C:\Users\Kyle\Desktop\Coding Projects\Zeppelin\Zeppelin\Zeppelin_Kyle_Ortiz.cpp(789,66): warning C4244: 'argument': conversion from 'double' to 'GLint', possible loss of data
C:\Users\Kyle\Desktop\Coding Projects\Zeppelin\Zeppelin\Zeppelin_Kyle_Ortiz.cpp(793,35): warning C4244: 'argument': conversion from 'double' to 'GLfloat', possible loss of data
C:\Users\Kyle\Desktop\Coding Projects\Zeppelin\Zeppelin\Zeppelin_Kyle_Ortiz.cpp(800,34): warning C4244: 'argument': conversion from 'double' to 'GLfloat', possible loss of data
C:\Users\Kyle\Desktop\Coding Projects\Zeppelin\Zeppelin\Zeppelin_Kyle_Ortiz.cpp(802,37): warning C4305: 'argument': truncation from 'double' to 'GLfloat'
C:\Users\Kyle\Desktop\Coding Projects\Zeppelin\Zeppelin\Zeppelin_Kyle_Ortiz.cpp(815,34): warning C4244: 'argument': conversion from 'double' to 'GLfloat', possible loss of data
C:\Users\Kyle\Desktop\Coding Projects\Zeppelin\Zeppelin\Zeppelin_Kyle_Ortiz.cpp(824,20): warning C4305: 'argument': truncation from 'double' to 'GLfloat'
C:\Users\Kyle\Desktop\Coding Projects\Zeppelin\Zeppelin\Zeppelin_Kyle_Ortiz.cpp(834,32): warning C4244: 'argument': conversion from 'double' to 'GLfloat', possible loss of data
C:\Users\Kyle\Desktop\Coding Projects\Zeppelin\Zeppelin\Zeppelin_Kyle_Ortiz.cpp(845,33): warning C4244: 'argument': conversion from 'double' to 'GLfloat', possible loss of data
C:\Users\Kyle\Desktop\Coding Projects\Zeppelin\Zeppelin\Zeppelin_Kyle_Ortiz.cpp(860,50): warning C4244: 'argument': conversion from 'double' to 'GLfloat', possible loss of data
C:\Users\Kyle\Desktop\Coding Projects\Zeppelin\Zeppelin\Zeppelin_Kyle_Ortiz.cpp(860,28): warning C4244: 'argument': conversion from 'double' to 'GLfloat', possible loss of data
C:\Users\Kyle\Desktop\Coding Projects\Zeppelin\Zeppelin\Zeppelin_Kyle_Ortiz.cpp(863,24): warning C4305: 'argument': truncation from 'double' to 'GLfloat'
C:\Users\Kyle\Desktop\Coding Projects\Zeppelin\Zeppelin\Zeppelin_Kyle_Ortiz.cpp(871,65): warning C4244: 'argument': conversion from 'double' to 'GLint', possible loss of data
C:\Users\Kyle\Desktop\Coding Projects\Zeppelin\Zeppelin\Zeppelin_Kyle_Ortiz.cpp(879,66): warning C4244: 'argument': conversion from 'double' to 'GLint', possible loss of data
C:\Users\Kyle\Desktop\Coding Projects\Zeppelin\Zeppelin\Zeppelin_Kyle_Ortiz.cpp(884,51): warning C4244: 'argument': conversion from 'double' to 'GLfloat', possible loss of data
C:\Users\Kyle\Desktop\Coding Projects\Zeppelin\Zeppelin\Zeppelin_Kyle_Ortiz.cpp(884,29): warning C4244: 'argument': conversion from 'double' to 'GLfloat', possible loss of data
C:\Users\Kyle\Desktop\Coding Projects\Zeppelin\Zeppelin\Zeppelin_Kyle_Ortiz.cpp(887,24): warning C4305: 'argument': truncation from 'double' to 'GLfloat'
C:\Users\Kyle\Desktop\Coding Projects\Zeppelin\Zeppelin\Zeppelin_Kyle_Ortiz.cpp(893,65): warning C4244: 'argument': conversion from 'double' to 'GLint', possible loss of data
C:\Users\Kyle\Desktop\Coding Projects\Zeppelin\Zeppelin\Zeppelin_Kyle_Ortiz.cpp(901,66): warning C4244: 'argument': conversion from 'double' to 'GLint', possible loss of data
C:\Users\Kyle\Desktop\Coding Projects\Zeppelin\Zeppelin\Zeppelin_Kyle_Ortiz.cpp(913,32): warning C4244: 'argument': conversion from 'double' to 'GLfloat', possible loss of data
C:\Users\Kyle\Desktop\Coding Projects\Zeppelin\Zeppelin\Zeppelin_Kyle_Ortiz.cpp(914,27): warning C4305: 'argument': truncation from 'double' to 'GLfloat'
C:\Users\Kyle\Desktop\Coding Projects\Zeppelin\Zeppelin\Zeppelin_Kyle_Ortiz.cpp(925,32): warning C4244: 'argument': conversion from 'double' to 'GLfloat', possible loss of data
C:\Users\Kyle\Desktop\Coding Projects\Zeppelin\Zeppelin\Zeppelin_Kyle_Ortiz.cpp(929,28): warning C4244: 'argument': conversion from 'double' to 'GLfloat', possible loss of data
C:\Users\Kyle\Desktop\Coding Projects\Zeppelin\Zeppelin\Zeppelin_Kyle_Ortiz.cpp(935,28): warning C4244: 'argument': conversion from 'double' to 'GLfloat', possible loss of data
C:\Users\Kyle\Desktop\Coding Projects\Zeppelin\Zeppelin\Zeppelin_Kyle_Ortiz.cpp(944,53): warning C4244: 'argument': conversion from 'double' to 'GLfloat', possible loss of data
C:\Users\Kyle\Desktop\Coding Projects\Zeppelin\Zeppelin\Zeppelin_Kyle_Ortiz.cpp(944,33): warning C4244: 'argument': conversion from 'double' to 'GLfloat', possible loss of data
C:\Users\Kyle\Desktop\Coding Projects\Zeppelin\Zeppelin\Zeppelin_Kyle_Ortiz.cpp(947,63): warning C4244: 'argument': conversion from 'double' to 'GLfloat', possible loss of data
C:\Users\Kyle\Desktop\Coding Projects\Zeppelin\Zeppelin\Zeppelin_Kyle_Ortiz.cpp(947,24): warning C4244: 'argument': conversion from 'double' to 'GLfloat', possible loss of data
C:\Users\Kyle\Desktop\Coding Projects\Zeppelin\Zeppelin\Zeppelin_Kyle_Ortiz.cpp(954,53): warning C4244: 'argument': conversion from 'double' to 'GLfloat', possible loss of data
C:\Users\Kyle\Desktop\Coding Projects\Zeppelin\Zeppelin\Zeppelin_Kyle_Ortiz.cpp(954,33): warning C4244: 'argument': conversion from 'double' to 'GLfloat', possible loss of data
C:\Users\Kyle\Desktop\Coding Projects\Zeppelin\Zeppelin\Zeppelin_Kyle_Ortiz.cpp(957,63): warning C4244: 'argument': conversion from 'double' to 'GLfloat', possible loss of data
C:\Users\Kyle\Desktop\Coding Projects\Zeppelin\Zeppelin\Zeppelin_Kyle_Ortiz.cpp(957,24): warning C4244: 'argument': conversion from 'double' to 'GLfloat', possible loss of data
C:\Users\Kyle\Desktop\Coding Projects\Zeppelin\Zeppelin\Zeppelin_Kyle_Ortiz.cpp(968,54): warning C4244: 'argument': conversion from 'double' to 'GLfloat', possible loss of data
C:\Users\Kyle\Desktop\Coding Projects\Zeppelin\Zeppelin\Zeppelin_Kyle_Ortiz.cpp(968,32): warning C4244: 'argument': conversion from 'double' to 'GLfloat', possible loss of data
C:\Users\Kyle\Desktop\Coding Projects\Zeppelin\Zeppelin\Zeppelin_Kyle_Ortiz.cpp(973,54): warning C4244: 'argument': conversion from 'double' to 'GLfloat', possible loss of data
C:\Users\Kyle\Desktop\Coding Projects\Zeppelin\Zeppelin\Zeppelin_Kyle_Ortiz.cpp(973,32): warning C4244: 'argument': conversion from 'double' to 'GLfloat', possible loss of data
C:\Users\Kyle\Desktop\Coding Projects\Zeppelin\Zeppelin\Zeppelin_Kyle_Ortiz.cpp(978,54): warning C4244: 'argument': conversion from 'double' to 'GLfloat', possible loss of data
C:\Users\Kyle\Desktop\Coding Projects\Zeppelin\Zeppelin\Zeppelin_Kyle_Ortiz.cpp(978,32): warning C4244: 'argument': conversion from 'double' to 'GLfloat', possible loss of data
C:\Users\Kyle\Desktop\Coding Projects\Zeppelin\Zeppelin\Zeppelin_Kyle_Ortiz.cpp(983,54): warning C4244: 'argument': conversion from 'double' to 'GLfloat', possible loss of data
C:\Users\Kyle\Desktop\Coding Projects\Zeppelin\Zeppelin\Zeppelin_Kyle_Ortiz.cpp(983,32): warning C4244: 'argument': conversion from 'double' to 'GLfloat', possible loss of data
C:\Users\Kyle\Desktop\Coding Projects\Zeppelin\Zeppelin\Zeppelin_Kyle_Ortiz.cpp(988,54): warning C4244: 'argument': conversion from 'double' to 'GLfloat', possible loss of data
C:\Users\Kyle\Desktop\Coding Projects\Zeppelin\Zeppelin\Zeppelin_Kyle_Ortiz.cpp(988,32): warning C4244: 'argument': conversion from 'double' to 'GLfloat', possible loss of data
C:\Users\Kyle\Desktop\Coding Projects\Zeppelin\Zeppelin\Zeppelin_Kyle_Ortiz.cpp(994,54): warning C4244: 'argument': conversion from 'double' to 'GLfloat', possible loss of data
C:\Users\Kyle\Desktop\Coding Projects\Zeppelin\Zeppelin\Zeppelin_Kyle_Ortiz.cpp(994,32): warning C4244: 'argument': conversion from 'double' to 'GLfloat', possible loss of data
C:\Users\Kyle\Desktop\Coding Projects\Zeppelin\Zeppelin\Zeppelin_Kyle_Ortiz.cpp(1006,39): warning C4244: 'argument': conversion from 'double' to 'GLfloat', possible loss of data
C:\Users\Kyle\Desktop\Coding Projects\Zeppelin\Zeppelin\Zeppelin_Kyle_Ortiz.cpp(1022,34): warning C4244: 'argument': conversion from 'double' to 'GLfloat', possible loss of data
C:\Users\Kyle\Desktop\Coding Projects\Zeppelin\Zeppelin\Zeppelin_Kyle_Ortiz.cpp(1023,39): warning C4244: 'argument': conversion from 'double' to 'GLfloat', possible loss of data
C:\Users\Kyle\Desktop\Coding Projects\Zeppelin\Zeppelin\Zeppelin_Kyle_Ortiz.cpp(1032,45): warning C4244: 'argument': conversion from 'double' to 'GLfloat', possible loss of data
C:\Users\Kyle\Desktop\Coding Projects\Zeppelin\Zeppelin\Zeppelin_Kyle_Ortiz.cpp(1032,24): warning C4244: 'argument': conversion from 'double' to 'GLfloat', possible loss of data
C:\Users\Kyle\Desktop\Coding Projects\Zeppelin\Zeppelin\Zeppelin_Kyle_Ortiz.cpp(1037,45): warning C4244: 'argument': conversion from 'double' to 'GLfloat', possible loss of data
C:\Users\Kyle\Desktop\Coding Projects\Zeppelin\Zeppelin\Zeppelin_Kyle_Ortiz.cpp(1037,24): warning C4244: 'argument': conversion from 'double' to 'GLfloat', possible loss of data
C:\Users\Kyle\Desktop\Coding Projects\Zeppelin\Zeppelin\Zeppelin_Kyle_Ortiz.cpp(1043,45): warning C4244: 'argument': conversion from 'double' to 'GLfloat', possible loss of data
C:\Users\Kyle\Desktop\Coding Projects\Zeppelin\Zeppelin\Zeppelin_Kyle_Ortiz.cpp(1043,24): warning C4244: 'argument': conversion from 'double' to 'GLfloat', possible loss of data
C:\Users\Kyle\Desktop\Coding Projects\Zeppelin\Zeppelin\Zeppelin_Kyle_Ortiz.cpp(1050,43): warning C4244: 'argument': conversion from 'double' to 'GLfloat', possible loss of data
C:\Users\Kyle\Desktop\Coding Projects\Zeppelin\Zeppelin\Zeppelin_Kyle_Ortiz.cpp(1056,45): warning C4244: 'argument': conversion from 'double' to 'GLfloat', possible loss of data
C:\Users\Kyle\Desktop\Coding Projects\Zeppelin\Zeppelin\Zeppelin_Kyle_Ortiz.cpp(1056,24): warning C4244: 'argument': conversion from 'double' to 'GLfloat', possible loss of data
C:\Users\Kyle\Desktop\Coding Projects\Zeppelin\Zeppelin\Zeppelin_Kyle_Ortiz.cpp(1062,28): warning C4244: 'argument': conversion from 'double' to 'GLfloat', possible loss of data
C:\Users\Kyle\Desktop\Coding Projects\Zeppelin\Zeppelin\Zeppelin_Kyle_Ortiz.cpp(1064,22): warning C4305: 'argument': truncation from 'double' to 'GLfloat'
C:\Users\Kyle\Desktop\Coding Projects\Zeppelin\Zeppelin\Zeppelin_Kyle_Ortiz.cpp(1065,68): warning C4244: 'argument': conversion from 'double' to 'GLint', possible loss of data
C:\Users\Kyle\Desktop\Coding Projects\Zeppelin\Zeppelin\Zeppelin_Kyle_Ortiz.cpp(1069,28): warning C4244: 'argument': conversion from 'double' to 'GLfloat', possible loss of data
C:\Users\Kyle\Desktop\Coding Projects\Zeppelin\Zeppelin\Zeppelin_Kyle_Ortiz.cpp(1071,22): warning C4305: 'argument': truncation from 'double' to 'GLfloat'
C:\Users\Kyle\Desktop\Coding Projects\Zeppelin\Zeppelin\Zeppelin_Kyle_Ortiz.cpp(1072,68): warning C4244: 'argument': conversion from 'double' to 'GLint', possible loss of data
C:\Users\Kyle\Desktop\Coding Projects\Zeppelin\Zeppelin\Zeppelin_Kyle_Ortiz.cpp(1077,32): warning C4244: 'argument': conversion from 'double' to 'GLfloat', possible loss of data
C:\Users\Kyle\Desktop\Coding Projects\Zeppelin\Zeppelin\Zeppelin_Kyle_Ortiz.cpp(1089,28): warning C4244: 'argument': conversion from 'double' to 'GLfloat', possible loss of data
C:\Users\Kyle\Desktop\Coding Projects\Zeppelin\Zeppelin\Zeppelin_Kyle_Ortiz.cpp(1091,65): warning C4244: 'argument': conversion from 'double' to 'GLint', possible loss of data
C:\Users\Kyle\Desktop\Coding Projects\Zeppelin\Zeppelin\Zeppelin_Kyle_Ortiz.cpp(1092,66): warning C4244: 'argument': conversion from 'double' to 'GLint', possible loss of data
C:\Users\Kyle\Desktop\Coding Projects\Zeppelin\Zeppelin\Zeppelin_Kyle_Ortiz.cpp(1095,28): warning C4244: 'argument': conversion from 'double' to 'GLfloat', possible loss of data
C:\Users\Kyle\Desktop\Coding Projects\Zeppelin\Zeppelin\Zeppelin_Kyle_Ortiz.cpp(1097,65): warning C4244: 'argument': conversion from 'double' to 'GLint', possible loss of data
C:\Users\Kyle\Desktop\Coding Projects\Zeppelin\Zeppelin\Zeppelin_Kyle_Ortiz.cpp(1098,66): warning C4244: 'argument': conversion from 'double' to 'GLint', possible loss of data
C:\Users\Kyle\Desktop\Coding Projects\Zeppelin\Zeppelin\Zeppelin_Kyle_Ortiz.cpp(1120,31): warning C4244: 'argument': conversion from 'double' to 'GLfloat', possible loss of data
C:\Users\Kyle\Desktop\Coding Projects\Zeppelin\Zeppelin\Zeppelin_Kyle_Ortiz.cpp(1142,52): warning C4244: 'argument': conversion from 'double' to 'GLfloat', possible loss of data
C:\Users\Kyle\Desktop\Coding Projects\Zeppelin\Zeppelin\Zeppelin_Kyle_Ortiz.cpp(1142,32): warning C4244: 'argument': conversion from 'double' to 'GLfloat', possible loss of data
C:\Users\Kyle\Desktop\Coding Projects\Zeppelin\Zeppelin\Zeppelin_Kyle_Ortiz.cpp(1143,24): warning C4305: 'argument': truncation from 'double' to 'GLfloat'
C:\Users\Kyle\Desktop\Coding Projects\Zeppelin\Zeppelin\Zeppelin_Kyle_Ortiz.cpp(1154,46): warning C4244: 'argument': conversion from 'double' to 'GLfloat', possible loss of data
C:\Users\Kyle\Desktop\Coding Projects\Zeppelin\Zeppelin\Zeppelin_Kyle_Ortiz.cpp(1161,50): warning C4244: 'argument': conversion from 'double' to 'GLfloat', possible loss of data
C:\Users\Kyle\Desktop\Coding Projects\Zeppelin\Zeppelin\Zeppelin_Kyle_Ortiz.cpp(1162,24): warning C4305: 'argument': truncation from 'double' to 'GLfloat'
C:\Users\Kyle\Desktop\Coding Projects\Zeppelin\Zeppelin\Zeppelin_Kyle_Ortiz.cpp(1173,24): warning C4305: 'argument': truncation from 'double' to 'GLfloat'
C:\Users\Kyle\Desktop\Coding Projects\Zeppelin\Zeppelin\Zeppelin_Kyle_Ortiz.cpp(1174,52): warning C4244: 'argument': conversion from 'double' to 'GLfloat', possible loss of data
C:\Users\Kyle\Desktop\Coding Projects\Zeppelin\Zeppelin\Zeppelin_Kyle_Ortiz.cpp(1174,32): warning C4244: 'argument': conversion from 'double' to 'GLfloat', possible loss of data
C:\Users\Kyle\Desktop\Coding Projects\Zeppelin\Zeppelin\Zeppelin_Kyle_Ortiz.cpp(1178,46): warning C4244: 'argument': conversion from 'double' to 'GLfloat', possible loss of data
C:\Users\Kyle\Desktop\Coding Projects\Zeppelin\Zeppelin\Zeppelin_Kyle_Ortiz.cpp(1185,50): warning C4244: 'argument': conversion from 'double' to 'GLfloat', possible loss of data
C:\Users\Kyle\Desktop\Coding Projects\Zeppelin\Zeppelin\Zeppelin_Kyle_Ortiz.cpp(1186,24): warning C4305: 'argument': truncation from 'double' to 'GLfloat'
C:\Users\Kyle\Desktop\Coding Projects\Zeppelin\Zeppelin\Zeppelin_Kyle_Ortiz.cpp(1204,46): warning C4244: 'argument': conversion from 'double' to 'GLfloat', possible loss of data
C:\Users\Kyle\Desktop\Coding Projects\Zeppelin\Zeppelin\Zeppelin_Kyle_Ortiz.cpp(1210,50): warning C4244: 'argument': conversion from 'double' to 'GLfloat', possible loss of data
C:\Users\Kyle\Desktop\Coding Projects\Zeppelin\Zeppelin\Zeppelin_Kyle_Ortiz.cpp(1218,52): warning C4244: 'argument': conversion from 'double' to 'GLfloat', possible loss of data
C:\Users\Kyle\Desktop\Coding Projects\Zeppelin\Zeppelin\Zeppelin_Kyle_Ortiz.cpp(1218,28): warning C4244: 'argument': conversion from 'double' to 'GLfloat', possible loss of data
C:\Users\Kyle\Desktop\Coding Projects\Zeppelin\Zeppelin\Zeppelin_Kyle_Ortiz.cpp(1235,46): warning C4244: 'argument': conversion from 'double' to 'GLfloat', possible loss of data
C:\Users\Kyle\Desktop\Coding Projects\Zeppelin\Zeppelin\Zeppelin_Kyle_Ortiz.cpp(1241,50): warning C4244: 'argument': conversion from 'double' to 'GLfloat', possible loss of data
C:\Users\Kyle\Desktop\Coding Projects\Zeppelin\Zeppelin\Zeppelin_Kyle_Ortiz.cpp(1249,52): warning C4244: 'argument': conversion from 'double' to 'GLfloat', possible loss of data
C:\Users\Kyle\Desktop\Coding Projects\Zeppelin\Zeppelin\Zeppelin_Kyle_Ortiz.cpp(1249,28): warning C4244: 'argument': conversion from 'double' to 'GLfloat', possible loss of data
C:\Users\Kyle\Desktop\Coding Projects\Zeppelin\Zeppelin\Zeppelin_Kyle_Ortiz.cpp(1281,31): warning C4244: 'argument': conversion from 'int' to 'GLfloat', possible loss of data
C:\Users\Kyle\Desktop\Coding Projects\Zeppelin\Zeppelin\Zeppelin_Kyle_Ortiz.cpp(1288,12): warning C4244: 'argument': conversion from 'int' to 'GLfloat', possible loss of data
C:\Users\Kyle\Desktop\Coding Projects\Zeppelin\Zeppelin\Zeppelin_Kyle_Ortiz.cpp(1302,31): warning C4244: 'argument': conversion from 'double' to 'GLfloat', possible loss of data
C:\Users\Kyle\Desktop\Coding Projects\Zeppelin\Zeppelin\Zeppelin_Kyle_Ortiz.cpp(1304,64): warning C4244: 'argument': conversion from 'double' to 'GLfloat', possible loss of data
C:\Users\Kyle\Desktop\Coding Projects\Zeppelin\Zeppelin\Zeppelin_Kyle_Ortiz.cpp(1304,44): warning C4244: 'argument': conversion from 'double' to 'GLfloat', possible loss of data
C:\Users\Kyle\Desktop\Coding Projects\Zeppelin\Zeppelin\Zeppelin_Kyle_Ortiz.cpp(1304,24): warning C4244: 'argument': conversion from 'double' to 'GLfloat', possible loss of data
C:\Users\Kyle\Desktop\Coding Projects\Zeppelin\Zeppelin\Zeppelin_Kyle_Ortiz.cpp(1335,24): warning C4305: 'argument': truncation from 'double' to 'GLfloat'
C:\Users\Kyle\Desktop\Coding Projects\Zeppelin\Zeppelin\Zeppelin_Kyle_Ortiz.cpp(1341,24): warning C4305: 'argument': truncation from 'double' to 'GLfloat'
C:\Users\Kyle\Desktop\Coding Projects\Zeppelin\Zeppelin\Zeppelin_Kyle_Ortiz.cpp(1362,35): warning C4244: 'argument': conversion from 'double' to 'GLfloat', possible loss of data
C:\Users\Kyle\Desktop\Coding Projects\Zeppelin\Zeppelin\Zeppelin_Kyle_Ortiz.cpp(1369,35): warning C4244: 'argument': conversion from 'double' to 'GLfloat', possible loss of data
C:\Users\Kyle\Desktop\Coding Projects\Zeppelin\Zeppelin\Zeppelin_Kyle_Ortiz.cpp(1376,34): warning C4244: 'argument': conversion from 'double' to 'GLfloat', possible loss of data
C:\Users\Kyle\Desktop\Coding Projects\Zeppelin\Zeppelin\Zeppelin_Kyle_Ortiz.cpp(1407,32): warning C4244: 'argument': conversion from 'double' to 'GLfloat', possible loss of data
C:\Users\Kyle\Desktop\Coding Projects\Zeppelin\Zeppelin\Zeppelin_Kyle_Ortiz.cpp(1415,52): warning C4244: 'argument': conversion from 'double' to 'GLfloat', possible loss of data
C:\Users\Kyle\Desktop\Coding Projects\Zeppelin\Zeppelin\Zeppelin_Kyle_Ortiz.cpp(1415,32): warning C4244: 'argument': conversion from 'double' to 'GLfloat', possible loss of data
C:\Users\Kyle\Desktop\Coding Projects\Zeppelin\Zeppelin\Zeppelin_Kyle_Ortiz.cpp(1439,50): warning C4244: 'argument': conversion from 'double' to 'GLfloat', possible loss of data
C:\Users\Kyle\Desktop\Coding Projects\Zeppelin\Zeppelin\Zeppelin_Kyle_Ortiz.cpp(1439,31): warning C4244: 'argument': conversion from 'double' to 'GLfloat', possible loss of data
C:\Users\Kyle\Desktop\Coding Projects\Zeppelin\Zeppelin\Zeppelin_Kyle_Ortiz.cpp(1455,39): warning C4244: 'argument': conversion from 'double' to 'GLfloat', possible loss of data
C:\Users\Kyle\Desktop\Coding Projects\Zeppelin\Zeppelin\Zeppelin_Kyle_Ortiz.cpp(1456,66): warning C4244: 'argument': conversion from 'double' to 'GLint', possible loss of data
C:\Users\Kyle\Desktop\Coding Projects\Zeppelin\Zeppelin\Zeppelin_Kyle_Ortiz.cpp(1460,35): warning C4244: 'argument': conversion from 'double' to 'GLfloat', possible loss of data
C:\Users\Kyle\Desktop\Coding Projects\Zeppelin\Zeppelin\Zeppelin_Kyle_Ortiz.cpp(1467,34): warning C4244: 'argument': conversion from 'double' to 'GLfloat', possible loss of data
C:\Users\Kyle\Desktop\Coding Projects\Zeppelin\Zeppelin\Zeppelin_Kyle_Ortiz.cpp(1469,37): warning C4305: 'argument': truncation from 'double' to 'GLfloat'
C:\Users\Kyle\Desktop\Coding Projects\Zeppelin\Zeppelin\Zeppelin_Kyle_Ortiz.cpp(1482,34): warning C4244: 'argument': conversion from 'double' to 'GLfloat', possible loss of data
C:\Users\Kyle\Desktop\Coding Projects\Zeppelin\Zeppelin\Zeppelin_Kyle_Ortiz.cpp(1491,20): warning C4305: 'argument': truncation from 'double' to 'GLfloat'
C:\Users\Kyle\Desktop\Coding Projects\Zeppelin\Zeppelin\Zeppelin_Kyle_Ortiz.cpp(1501,32): warning C4244: 'argument': conversion from 'double' to 'GLfloat', possible loss of data
C:\Users\Kyle\Desktop\Coding Projects\Zeppelin\Zeppelin\Zeppelin_Kyle_Ortiz.cpp(1512,33): warning C4244: 'argument': conversion from 'double' to 'GLfloat', possible loss of data
C:\Users\Kyle\Desktop\Coding Projects\Zeppelin\Zeppelin\Zeppelin_Kyle_Ortiz.cpp(1527,50): warning C4244: 'argument': conversion from 'double' to 'GLfloat', possible loss of data
C:\Users\Kyle\Desktop\Coding Projects\Zeppelin\Zeppelin\Zeppelin_Kyle_Ortiz.cpp(1527,28): warning C4244: 'argument': conversion from 'double' to 'GLfloat', possible loss of data
C:\Users\Kyle\Desktop\Coding Projects\Zeppelin\Zeppelin\Zeppelin_Kyle_Ortiz.cpp(1530,24): warning C4305: 'argument': truncation from 'double' to 'GLfloat'
C:\Users\Kyle\Desktop\Coding Projects\Zeppelin\Zeppelin\Zeppelin_Kyle_Ortiz.cpp(1538,65): warning C4244: 'argument': conversion from 'double' to 'GLint', possible loss of data
C:\Users\Kyle\Desktop\Coding Projects\Zeppelin\Zeppelin\Zeppelin_Kyle_Ortiz.cpp(1546,66): warning C4244: 'argument': conversion from 'double' to 'GLint', possible loss of data
C:\Users\Kyle\Desktop\Coding Projects\Zeppelin\Zeppelin\Zeppelin_Kyle_Ortiz.cpp(1551,51): warning C4244: 'argument': conversion from 'double' to 'GLfloat', possible loss of data
C:\Users\Kyle\Desktop\Coding Projects\Zeppelin\Zeppelin\Zeppelin_Kyle_Ortiz.cpp(1551,29): warning C4244: 'argument': conversion from 'double' to 'GLfloat', possible loss of data
C:\Users\Kyle\Desktop\Coding Projects\Zeppelin\Zeppelin\Zeppelin_Kyle_Ortiz.cpp(1554,24): warning C4305: 'argument': truncation from 'double' to 'GLfloat'
C:\Users\Kyle\Desktop\Coding Projects\Zeppelin\Zeppelin\Zeppelin_Kyle_Ortiz.cpp(1560,65): warning C4244: 'argument': conversion from 'double' to 'GLint', possible loss of data
C:\Users\Kyle\Desktop\Coding Projects\Zeppelin\Zeppelin\Zeppelin_Kyle_Ortiz.cpp(1568,66): warning C4244: 'argument': conversion from 'double' to 'GLint', possible loss of data
C:\Users\Kyle\Desktop\Coding Projects\Zeppelin\Zeppelin\Zeppelin_Kyle_Ortiz.cpp(1580,32): warning C4244: 'argument': conversion from 'double' to 'GLfloat', possible loss of data
C:\Users\Kyle\Desktop\Coding Projects\Zeppelin\Zeppelin\Zeppelin_Kyle_Ortiz.cpp(1581,27): warning C4305: 'argument': truncation from 'double' to 'GLfloat'
C:\Users\Kyle\Desktop\Coding Projects\Zeppelin\Zeppelin\Zeppelin_Kyle_Ortiz.cpp(1592,32): warning C4244: 'argument': conversion from 'double' to 'GLfloat', possible loss of data
C:\Users\Kyle\Desktop\Coding Projects\Zeppelin\Zeppelin\Zeppelin_Kyle_Ortiz.cpp(1596,28): warning C4244: 'argument': conversion from 'double' to 'GLfloat', possible loss of data
C:\Users\Kyle\Desktop\Coding Projects\Zeppelin\Zeppelin\Zeppelin_Kyle_Ortiz.cpp(1602,28): warning C4244: 'argument': conversion from 'double' to 'GLfloat', possible loss of data
C:\Users\Kyle\Desktop\Coding Projects\Zeppelin\Zeppelin\Zeppelin_Kyle_Ortiz.cpp(1611,53): warning C4244: 'argument': conversion from 'double' to 'GLfloat', possible loss of data
C:\Users\Kyle\Desktop\Coding Projects\Zeppelin\Zeppelin\Zeppelin_Kyle_Ortiz.cpp(1611,33): warning C4244: 'argument': conversion from 'double' to 'GLfloat', possible loss of data
C:\Users\Kyle\Desktop\Coding Projects\Zeppelin\Zeppelin\Zeppelin_Kyle_Ortiz.cpp(1614,63): warning C4244: 'argument': conversion from 'double' to 'GLfloat', possible loss of data
C:\Users\Kyle\Desktop\Coding Projects\Zeppelin\Zeppelin\Zeppelin_Kyle_Ortiz.cpp(1614,24): warning C4244: 'argument': conversion from 'double' to 'GLfloat', possible loss of data
C:\Users\Kyle\Desktop\Coding Projects\Zeppelin\Zeppelin\Zeppelin_Kyle_Ortiz.cpp(1621,53): warning C4244: 'argument': conversion from 'double' to 'GLfloat', possible loss of data
C:\Users\Kyle\Desktop\Coding Projects\Zeppelin\Zeppelin\Zeppelin_Kyle_Ortiz.cpp(1621,33): warning C4244: 'argument': conversion from 'double' to 'GLfloat', possible loss of data
C:\Users\Kyle\Desktop\Coding Projects\Zeppelin\Zeppelin\Zeppelin_Kyle_Ortiz.cpp(1624,63): warning C4244: 'argument': conversion from 'double' to 'GLfloat', possible loss of data
C:\Users\Kyle\Desktop\Coding Projects\Zeppelin\Zeppelin\Zeppelin_Kyle_Ortiz.cpp(1624,24): warning C4244: 'argument': conversion from 'double' to 'GLfloat', possible loss of data
C:\Users\Kyle\Desktop\Coding Projects\Zeppelin\Zeppelin\Zeppelin_Kyle_Ortiz.cpp(1635,54): warning C4244: 'argument': conversion from 'double' to 'GLfloat', possible loss of data
C:\Users\Kyle\Desktop\Coding Projects\Zeppelin\Zeppelin\Zeppelin_Kyle_Ortiz.cpp(1635,32): warning C4244: 'argument': conversion from 'double' to 'GLfloat', possible loss of data
C:\Users\Kyle\Desktop\Coding Projects\Zeppelin\Zeppelin\Zeppelin_Kyle_Ortiz.cpp(1640,54): warning C4244: 'argument': conversion from 'double' to 'GLfloat', possible loss of data
C:\Users\Kyle\Desktop\Coding Projects\Zeppelin\Zeppelin\Zeppelin_Kyle_Ortiz.cpp(1640,32): warning C4244: 'argument': conversion from 'double' to 'GLfloat', possible loss of data
C:\Users\Kyle\Desktop\Coding Projects\Zeppelin\Zeppelin\Zeppelin_Kyle_Ortiz.cpp(1645,54): warning C4244: 'argument': conversion from 'double' to 'GLfloat', possible loss of data
C:\Users\Kyle\Desktop\Coding Projects\Zeppelin\Zeppelin\Zeppelin_Kyle_Ortiz.cpp(1645,32): warning C4244: 'argument': conversion from 'double' to 'GLfloat', possible loss of data
C:\Users\Kyle\Desktop\Coding Projects\Zeppelin\Zeppelin\Zeppelin_Kyle_Ortiz.cpp(1650,54): warning C4244: 'argument': conversion from 'double' to 'GLfloat', possible loss of data
C:\Users\Kyle\Desktop\Coding Projects\Zeppelin\Zeppelin\Zeppelin_Kyle_Ortiz.cpp(1650,32): warning C4244: 'argument': conversion from 'double' to 'GLfloat', possible loss of data
C:\Users\Kyle\Desktop\Coding Projects\Zeppelin\Zeppelin\Zeppelin_Kyle_Ortiz.cpp(1655,54): warning C4244: 'argument': conversion from 'double' to 'GLfloat', possible loss of data
C:\Users\Kyle\Desktop\Coding Projects\Zeppelin\Zeppelin\Zeppelin_Kyle_Ortiz.cpp(1655,32): warning C4244: 'argument': conversion from 'double' to 'GLfloat', possible loss of data
C:\Users\Kyle\Desktop\Coding Projects\Zeppelin\Zeppelin\Zeppelin_Kyle_Ortiz.cpp(1661,54): warning C4244: 'argument': conversion from 'double' to 'GLfloat', possible loss of data
C:\Users\Kyle\Desktop\Coding Projects\Zeppelin\Zeppelin\Zeppelin_Kyle_Ortiz.cpp(1661,32): warning C4244: 'argument': conversion from 'double' to 'GLfloat', possible loss of data
C:\Users\Kyle\Desktop\Coding Projects\Zeppelin\Zeppelin\Zeppelin_Kyle_Ortiz.cpp(1673,39): warning C4244: 'argument': conversion from 'double' to 'GLfloat', possible loss of data
C:\Users\Kyle\Desktop\Coding Projects\Zeppelin\Zeppelin\Zeppelin_Kyle_Ortiz.cpp(1689,34): warning C4244: 'argument': conversion from 'double' to 'GLfloat', possible loss of data
C:\Users\Kyle\Desktop\Coding Projects\Zeppelin\Zeppelin\Zeppelin_Kyle_Ortiz.cpp(1690,39): warning C4244: 'argument': conversion from 'double' to 'GLfloat', possible loss of data
C:\Users\Kyle\Desktop\Coding Projects\Zeppelin\Zeppelin\Zeppelin_Kyle_Ortiz.cpp(1699,45): warning C4244: 'argument': conversion from 'double' to 'GLfloat', possible loss of data
C:\Users\Kyle\Desktop\Coding Projects\Zeppelin\Zeppelin\Zeppelin_Kyle_Ortiz.cpp(1699,24): warning C4244: 'argument': conversion from 'double' to 'GLfloat', possible loss of data
C:\Users\Kyle\Desktop\Coding Projects\Zeppelin\Zeppelin\Zeppelin_Kyle_Ortiz.cpp(1704,45): warning C4244: 'argument': conversion from 'double' to 'GLfloat', possible loss of data
C:\Users\Kyle\Desktop\Coding Projects\Zeppelin\Zeppelin\Zeppelin_Kyle_Ortiz.cpp(1704,24): warning C4244: 'argument': conversion from 'double' to 'GLfloat', possible loss of data
C:\Users\Kyle\Desktop\Coding Projects\Zeppelin\Zeppelin\Zeppelin_Kyle_Ortiz.cpp(1710,45): warning C4244: 'argument': conversion from 'double' to 'GLfloat', possible loss of data
C:\Users\Kyle\Desktop\Coding Projects\Zeppelin\Zeppelin\Zeppelin_Kyle_Ortiz.cpp(1710,24): warning C4244: 'argument': conversion from 'double' to 'GLfloat', possible loss of data
C:\Users\Kyle\Desktop\Coding Projects\Zeppelin\Zeppelin\Zeppelin_Kyle_Ortiz.cpp(1717,43): warning C4244: 'argument': conversion from 'double' to 'GLfloat', possible loss of data
C:\Users\Kyle\Desktop\Coding Projects\Zeppelin\Zeppelin\Zeppelin_Kyle_Ortiz.cpp(1723,45): warning C4244: 'argument': conversion from 'double' to 'GLfloat', possible loss of data
C:\Users\Kyle\Desktop\Coding Projects\Zeppelin\Zeppelin\Zeppelin_Kyle_Ortiz.cpp(1723,24): warning C4244: 'argument': conversion from 'double' to 'GLfloat', possible loss of data
C:\Users\Kyle\Desktop\Coding Projects\Zeppelin\Zeppelin\Zeppelin_Kyle_Ortiz.cpp(1729,28): warning C4244: 'argument': conversion from 'double' to 'GLfloat', possible loss of data
C:\Users\Kyle\Desktop\Coding Projects\Zeppelin\Zeppelin\Zeppelin_Kyle_Ortiz.cpp(1731,22): warning C4305: 'argument': truncation from 'double' to 'GLfloat'
C:\Users\Kyle\Desktop\Coding Projects\Zeppelin\Zeppelin\Zeppelin_Kyle_Ortiz.cpp(1732,68): warning C4244: 'argument': conversion from 'double' to 'GLint', possible loss of data
C:\Users\Kyle\Desktop\Coding Projects\Zeppelin\Zeppelin\Zeppelin_Kyle_Ortiz.cpp(1736,28): warning C4244: 'argument': conversion from 'double' to 'GLfloat', possible loss of data
C:\Users\Kyle\Desktop\Coding Projects\Zeppelin\Zeppelin\Zeppelin_Kyle_Ortiz.cpp(1738,22): warning C4305: 'argument': truncation from 'double' to 'GLfloat'
C:\Users\Kyle\Desktop\Coding Projects\Zeppelin\Zeppelin\Zeppelin_Kyle_Ortiz.cpp(1739,68): warning C4244: 'argument': conversion from 'double' to 'GLint', possible loss of data
C:\Users\Kyle\Desktop\Coding Projects\Zeppelin\Zeppelin\Zeppelin_Kyle_Ortiz.cpp(1744,32): warning C4244: 'argument': conversion from 'double' to 'GLfloat', possible loss of data
C:\Users\Kyle\Desktop\Coding Projects\Zeppelin\Zeppelin\Zeppelin_Kyle_Ortiz.cpp(1756,28): warning C4244: 'argument': conversion from 'double' to 'GLfloat', possible loss of data
C:\Users\Kyle\Desktop\Coding Projects\Zeppelin\Zeppelin\Zeppelin_Kyle_Ortiz.cpp(1758,65): warning C4244: 'argument': conversion from 'double' to 'GLint', possible loss of data
C:\Users\Kyle\Desktop\Coding Projects\Zeppelin\Zeppelin\Zeppelin_Kyle_Ortiz.cpp(1759,66): warning C4244: 'argument': conversion from 'double' to 'GLint', possible loss of data
C:\Users\Kyle\Desktop\Coding Projects\Zeppelin\Zeppelin\Zeppelin_Kyle_Ortiz.cpp(1762,28): warning C4244: 'argument': conversion from 'double' to 'GLfloat', possible loss of data
C:\Users\Kyle\Desktop\Coding Projects\Zeppelin\Zeppelin\Zeppelin_Kyle_Ortiz.cpp(1764,65): warning C4244: 'argument': conversion from 'double' to 'GLint', possible loss of data
C:\Users\Kyle\Desktop\Coding Projects\Zeppelin\Zeppelin\Zeppelin_Kyle_Ortiz.cpp(1765,66): warning C4244: 'argument': conversion from 'double' to 'GLint', possible loss of data
C:\Users\Kyle\Desktop\Coding Projects\Zeppelin\Zeppelin\Zeppelin_Kyle_Ortiz.cpp(1787,31): warning C4244: 'argument': conversion from 'double' to 'GLfloat', possible loss of data
C:\Users\Kyle\Desktop\Coding Projects\Zeppelin\Zeppelin\Zeppelin_Kyle_Ortiz.cpp(1809,52): warning C4244: 'argument': conversion from 'double' to 'GLfloat', possible loss of data
C:\Users\Kyle\Desktop\Coding Projects\Zeppelin\Zeppelin\Zeppelin_Kyle_Ortiz.cpp(1809,32): warning C4244: 'argument': conversion from 'double' to 'GLfloat', possible loss of data
C:\Users\Kyle\Desktop\Coding Projects\Zeppelin\Zeppelin\Zeppelin_Kyle_Ortiz.cpp(1810,24): warning C4305: 'argument': truncation from 'double' to 'GLfloat'
C:\Users\Kyle\Desktop\Coding Projects\Zeppelin\Zeppelin\Zeppelin_Kyle_Ortiz.cpp(1821,46): warning C4244: 'argument': conversion from 'double' to 'GLfloat', possible loss of data
C:\Users\Kyle\Desktop\Coding Projects\Zeppelin\Zeppelin\Zeppelin_Kyle_Ortiz.cpp(1828,50): warning C4244: 'argument': conversion from 'double' to 'GLfloat', possible loss of data
C:\Users\Kyle\Desktop\Coding Projects\Zeppelin\Zeppelin\Zeppelin_Kyle_Ortiz.cpp(1829,24): warning C4305: 'argument': truncation from 'double' to 'GLfloat'
C:\Users\Kyle\Desktop\Coding Projects\Zeppelin\Zeppelin\Zeppelin_Kyle_Ortiz.cpp(1840,24): warning C4305: 'argument': truncation from 'double' to 'GLfloat'
C:\Users\Kyle\Desktop\Coding Projects\Zeppelin\Zeppelin\Zeppelin_Kyle_Ortiz.cpp(1841,52): warning C4244: 'argument': conversion from 'double' to 'GLfloat', possible loss of data
C:\Users\Kyle\Desktop\Coding Projects\Zeppelin\Zeppelin\Zeppelin_Kyle_Ortiz.cpp(1841,32): warning C4244: 'argument': conversion from 'double' to 'GLfloat', possible loss of data
C:\Users\Kyle\Desktop\Coding Projects\Zeppelin\Zeppelin\Zeppelin_Kyle_Ortiz.cpp(1845,46): warning C4244: 'argument': conversion from 'double' to 'GLfloat', possible loss of data
C:\Users\Kyle\Desktop\Coding Projects\Zeppelin\Zeppelin\Zeppelin_Kyle_Ortiz.cpp(1852,50): warning C4244: 'argument': conversion from 'double' to 'GLfloat', possible loss of data
C:\Users\Kyle\Desktop\Coding Projects\Zeppelin\Zeppelin\Zeppelin_Kyle_Ortiz.cpp(1853,24): warning C4305: 'argument': truncation from 'double' to 'GLfloat'
C:\Users\Kyle\Desktop\Coding Projects\Zeppelin\Zeppelin\Zeppelin_Kyle_Ortiz.cpp(1871,46): warning C4244: 'argument': conversion from 'double' to 'GLfloat', possible loss of data
C:\Users\Kyle\Desktop\Coding Projects\Zeppelin\Zeppelin\Zeppelin_Kyle_Ortiz.cpp(1877,50): warning C4244: 'argument': conversion from 'double' to 'GLfloat', possible loss of data
C:\Users\Kyle\Desktop\Coding Projects\Zeppelin\Zeppelin\Zeppelin_Kyle_Ortiz.cpp(1885,52): warning C4244: 'argument': conversion from 'double' to 'GLfloat', possible loss of data
C:\Users\Kyle\Desktop\Coding Projects\Zeppelin\Zeppelin\Zeppelin_Kyle_Ortiz.cpp(1885,28): warning C4244: 'argument': conversion from 'double' to 'GLfloat', possible loss of data
C:\Users\Kyle\Desktop\Coding Projects\Zeppelin\Zeppelin\Zeppelin_Kyle_Ortiz.cpp(1902,46): warning C4244: 'argument': conversion from 'double' to 'GLfloat', possible loss of data
C:\Users\Kyle\Desktop\Coding Projects\Zeppelin\Zeppelin\Zeppelin_Kyle_Ortiz.cpp(1908,50): warning C4244: 'argument': conversion from 'double' to 'GLfloat', possible loss of data
C:\Users\Kyle\Desktop\Coding Projects\Zeppelin\Zeppelin\Zeppelin_Kyle_Ortiz.cpp(1916,52): warning C4244: 'argument': conversion from 'double' to 'GLfloat', possible loss of data
C:\Users\Kyle\Desktop\Coding Projects\Zeppelin\Zeppelin\Zeppelin_Kyle_Ortiz.cpp(1916,28): warning C4244: 'argument': conversion from 'double' to 'GLfloat', possible loss of data
C:\Users\Kyle\Desktop\Coding Projects\Zeppelin\Zeppelin\Zeppelin_Kyle_Ortiz.cpp(1990,27): warning C4244: 'initializing': conversion from 'double' to 'float', possible loss of data
C:\Users\Kyle\Desktop\Coding Projects\Zeppelin\Zeppelin\Zeppelin_Kyle_Ortiz.cpp(2006,46): warning C4244: '=': conversion from 'double' to 'float', possible loss of data
C:\Users\Kyle\Desktop\Coding Projects\Zeppelin\Zeppelin\Zeppelin_Kyle_Ortiz.cpp(2022,29): warning C4244: '=': conversion from 'double' to 'float', possible loss of data
C:\Users\Kyle\Desktop\Coding Projects\Zeppelin\Zeppelin\Zeppelin_Kyle_Ortiz.cpp(2023,32): warning C4244: '=': conversion from 'double' to 'float', possible loss of data
C:\Users\Kyle\Desktop\Coding Projects\Zeppelin\Zeppelin\Zeppelin_Kyle_Ortiz.cpp(2026,24): warning C4244: '=': conversion from 'double' to 'float', possible loss of data
C:\Users\Kyle\Desktop\Coding Projects\Zeppelin\Zeppelin\Zeppelin_Kyle_Ortiz.cpp(2041,25): warning C4244: '=': conversion from 'double' to 'float', possible loss of data
C:\Users\Kyle\Desktop\Coding Projects\Zeppelin\Zeppelin\Zeppelin_Kyle_Ortiz.cpp(2044,36): warning C4244: '=': conversion from 'double' to 'float', possible loss of data
C:\Users\Kyle\Desktop\Coding Projects\Zeppelin\Zeppelin\Zeppelin_Kyle_Ortiz.cpp(2045,45): warning C4244: '=': conversion from 'double' to 'float', possible loss of data
C:\Users\Kyle\Desktop\Coding Projects\Zeppelin\Zeppelin\Zeppelin_Kyle_Ortiz.cpp(2076,25): warning C4244: '=': conversion from 'double' to 'float', possible loss of data
C:\Users\Kyle\Desktop\Coding Projects\Zeppelin\Zeppelin\Zeppelin_Kyle_Ortiz.cpp(2089,39): warning C4244: '=': conversion from 'double' to 'float', possible loss of data
C:\Users\Kyle\Desktop\Coding Projects\Zeppelin\Zeppelin\Zeppelin_Kyle_Ortiz.cpp(2090,46): warning C4244: '=': conversion from 'double' to 'float', possible loss of data
  Generating Code...
  Zeppelin.vcxproj -> C:\Users\Kyle\Desktop\Coding Projects\Zeppelin\Zeppelin\x64\Debug\Zeppelin.exe
  The syntax of the command is incorrect.
C:\Program Files\Microsoft Visual Studio\2022\Community\MSBuild\Microsoft\VC\v170\Microsoft.CppCommon.targets(159,5): error MSB3073: The command "copy “C:\Users\Kyle\Desktop\Coding Projects\Zeppelin\Zeppelin\Dependencies\freeglut\bin\x64\freeglut.dll” “C:\Users\Kyle\Desktop\Coding Projects\Zeppelin\Zeppelin\x64\Debug\”
C:\Program Files\Microsoft Visual Studio\2022\Community\MSBuild\Microsoft\VC\v170\Microsoft.CppCommon.targets(159,5): error MSB3073: :VCEnd" exited with code 1.
